<?xml version="1.0" encoding="UTF-8"?>
<!-- Generated by org.testng.reporters.JUnitReportReporter -->
<testsuite skipped="0" hostname="Mir-PC" name="testcases.LoginTest" tests="1" failures="0" timestamp="10 Oct 2020 18:09:38 GMT" time="23.796" errors="0">
  <testcase name="loginTest" time="23.796" classname="testcases.LoginTest"/>
</testsuite> <!-- testcases.LoginTest -->
